<?xml version="1.0" encoding="UTF-8"?>
<robot generator="Robot 5.0.1 (Python 3.10.4 on win32)" generated="20220629 20:37:23.990" rpa="false" schemaversion="3">
<suite id="s1" name="Aula21" source="D:\dev\Digital-House\CTD\04 Bimestre\Testing I\A21 - Robot\aula21.robot">
<test id="s1-t1" name="Processo de Compra" line="7">
<kw name="Abrir o site da loja" library="aula21">
<kw name="Open Browser" library="SeleniumLibrary">
<arg>${SITE}</arg>
<arg>${NAVEGADOR}</arg>
<doc>Opens a new browser instance to the optional ``url``.</doc>
<msg timestamp="20220629 20:37:24.214" level="INFO">Opening browser 'Chrome' to base url 'https://www.saucedemo.com/'.</msg>
<status status="PASS" starttime="20220629 20:37:24.213" endtime="20220629 20:37:32.590"/>
</kw>
<kw name="Maximize Browser Window" library="SeleniumLibrary">
<doc>Maximizes current browser window.</doc>
<status status="PASS" starttime="20220629 20:37:32.591" endtime="20220629 20:37:32.741"/>
</kw>
<status status="PASS" starttime="20220629 20:37:24.213" endtime="20220629 20:37:32.742"/>
</kw>
<kw name="Fazer login" library="aula21">
<kw name="Input Text" library="SeleniumLibrary">
<arg>${CAMPO_USUARIO}</arg>
<arg>${USUARIO}</arg>
<doc>Types the given ``text`` into the text field identified by ``locator``.</doc>
<msg timestamp="20220629 20:37:32.744" level="INFO">Typing text 'standard_user' into text field 'id=user-name'.</msg>
<status status="PASS" starttime="20220629 20:37:32.744" endtime="20220629 20:37:32.888"/>
</kw>
<kw name="Input Text" library="SeleniumLibrary">
<arg>${CAMPO_SENHA}</arg>
<arg>${SENHA}</arg>
<doc>Types the given ``text`` into the text field identified by ``locator``.</doc>
<msg timestamp="20220629 20:37:32.888" level="INFO">Typing text 'secret_sauce' into text field 'id=password'.</msg>
<status status="PASS" starttime="20220629 20:37:32.888" endtime="20220629 20:37:32.991"/>
</kw>
<kw name="Click Element" library="SeleniumLibrary">
<arg>${BOTAO_LOGIN}</arg>
<doc>Click the element identified by ``locator``.</doc>
<msg timestamp="20220629 20:37:32.991" level="INFO">Clicking element 'id=login-button'.</msg>
<status status="PASS" starttime="20220629 20:37:32.991" endtime="20220629 20:37:33.109"/>
</kw>
<kw name="Page Should Contain" library="SeleniumLibrary">
<arg>Products</arg>
<doc>Verifies that current page contains ``text``.</doc>
<msg timestamp="20220629 20:37:33.136" level="INFO">Current page contains text 'Products'.</msg>
<status status="PASS" starttime="20220629 20:37:33.109" endtime="20220629 20:37:33.136"/>
</kw>
<status status="PASS" starttime="20220629 20:37:32.743" endtime="20220629 20:37:33.136"/>
</kw>
<kw name="Selecionar um produto e adicionar no carrinho" library="aula21">
<kw name="Click Element" library="SeleniumLibrary">
<arg>${PRODUTO}</arg>
<doc>Click the element identified by ``locator``.</doc>
<msg timestamp="20220629 20:37:33.139" level="INFO">Clicking element 'css=#item_4_title_link &gt; div'.</msg>
<status status="PASS" starttime="20220629 20:37:33.139" endtime="20220629 20:37:33.225"/>
</kw>
<kw name="Click Element" library="SeleniumLibrary">
<arg>${ADICIONAR}</arg>
<doc>Click the element identified by ``locator``.</doc>
<msg timestamp="20220629 20:37:33.226" level="INFO">Clicking element 'css=#add-to-cart-sauce-labs-backpack'.</msg>
<status status="PASS" starttime="20220629 20:37:33.225" endtime="20220629 20:37:33.277"/>
</kw>
<status status="PASS" starttime="20220629 20:37:33.138" endtime="20220629 20:37:33.277"/>
</kw>
<kw name="Abrir o carrinho e clicar em checkout" library="aula21">
<kw name="Click Element" library="SeleniumLibrary">
<arg>${CARRINHO}</arg>
<doc>Click the element identified by ``locator``.</doc>
<msg timestamp="20220629 20:37:33.278" level="INFO">Clicking element 'css=#shopping_cart_container &gt; a'.</msg>
<status status="PASS" starttime="20220629 20:37:33.278" endtime="20220629 20:37:33.336"/>
</kw>
<kw name="Click Element" library="SeleniumLibrary">
<arg>${CHECKOUT}</arg>
<doc>Click the element identified by ``locator``.</doc>
<msg timestamp="20220629 20:37:33.337" level="INFO">Clicking element 'css=#checkout'.</msg>
<status status="PASS" starttime="20220629 20:37:33.336" endtime="20220629 20:37:33.382"/>
</kw>
<status status="PASS" starttime="20220629 20:37:33.277" endtime="20220629 20:37:33.383"/>
</kw>
<kw name="Preencher informações de checkout e continuar" library="aula21">
<kw name="Input Text" library="SeleniumLibrary">
<arg>${FIRSTNAME}</arg>
<arg>${VNAME}</arg>
<doc>Types the given ``text`` into the text field identified by ``locator``.</doc>
<msg timestamp="20220629 20:37:33.384" level="INFO">Typing text 'Diego' into text field 'id=first-name'.</msg>
<status status="PASS" starttime="20220629 20:37:33.383" endtime="20220629 20:37:33.490"/>
</kw>
<kw name="Input Text" library="SeleniumLibrary">
<arg>${LASTNAME}</arg>
<arg>${VLNAME}</arg>
<doc>Types the given ``text`` into the text field identified by ``locator``.</doc>
<msg timestamp="20220629 20:37:33.490" level="INFO">Typing text 'Reis' into text field 'id=last-name'.</msg>
<status status="PASS" starttime="20220629 20:37:33.490" endtime="20220629 20:37:33.578"/>
</kw>
<kw name="Input Text" library="SeleniumLibrary">
<arg>${ZIPCODE}</arg>
<arg>${VZIPCODE}</arg>
<doc>Types the given ``text`` into the text field identified by ``locator``.</doc>
<msg timestamp="20220629 20:37:33.579" level="INFO">Typing text '41650195' into text field 'id=postal-code'.</msg>
<status status="PASS" starttime="20220629 20:37:33.578" endtime="20220629 20:37:33.748"/>
</kw>
<kw name="Click Element" library="SeleniumLibrary">
<arg>${BTNCONTINUE}</arg>
<doc>Click the element identified by ``locator``.</doc>
<msg timestamp="20220629 20:37:33.749" level="INFO">Clicking element 'id=continue'.</msg>
<status status="PASS" starttime="20220629 20:37:33.748" endtime="20220629 20:37:33.847"/>
</kw>
<status status="PASS" starttime="20220629 20:37:33.383" endtime="20220629 20:37:33.847"/>
</kw>
<kw name="Finalizar compra" library="aula21">
<kw name="Click Element" library="SeleniumLibrary">
<arg>${BTNFINISH}</arg>
<doc>Click the element identified by ``locator``.</doc>
<msg timestamp="20220629 20:37:33.850" level="INFO">Clicking element 'id=finish'.</msg>
<status status="PASS" starttime="20220629 20:37:33.849" endtime="20220629 20:37:33.942"/>
</kw>
<status status="PASS" starttime="20220629 20:37:33.848" endtime="20220629 20:37:33.942"/>
</kw>
<status status="PASS" starttime="20220629 20:37:24.212" endtime="20220629 20:37:33.944"/>
</test>
<status status="PASS" starttime="20220629 20:37:23.992" endtime="20220629 20:37:33.947"/>
</suite>
<statistics>
<total>
<stat pass="1" fail="0" skip="0">All Tests</stat>
</total>
<tag>
</tag>
<suite>
<stat pass="1" fail="0" skip="0" id="s1" name="Aula21">Aula21</stat>
</suite>
</statistics>
<errors>
</errors>
</robot>
